19:19:31 **** Build of configuration Debug for project Day_6.11 ****
make all 
Building file: ../src/Main.cpp
Invoking: GCC C++ Compiler
g++ -O0 -g3 -Wall -c -fmessage-length=0 -MMD -MP -MF"src/Main.d" -MT"src/Main.o" -o "src/Main.o" "../src/Main.cpp"
../src/Main.cpp:5:6: warning: private field 'num1' is not used [-Wunused-private-field]
        int num1;
            ^
../src/Main.cpp:6:6: warning: private field 'num2' is not used [-Wunused-private-field]
        int num2;
            ^
../src/Main.cpp:7:6: warning: private field 'num3' is not used [-Wunused-private-field]
        int num3;
            ^
3 warnings generated.
Finished building: ../src/Main.cpp
 
Building target: Day_6.11
Invoking: MacOS X C++ Linker
g++  -o "Day_6.11"  ./src/Main.o   
Finished building target: Day_6.11
 
19:19:40 **** Incremental Build of configuration Debug for project Day_6.11 ****
make all 
make: Nothing to be done for `all'.
19:20:10 **** Incremental Build of configuration Debug for project Day_6.11 ****
make all 
Building file: ../src/Main.cpp
Invoking: GCC C++ Compiler
g++ -O0 -g3 -Wall -c -fmessage-length=0 -MMD -MP -MF"src/Main.d" -MT"src/Main.o" -o "src/Main.o" "../src/Main.cpp"
../src/Main.cpp:6:6: warning: private field 'num2' is not used [-Wunused-private-field]
        int num2;
            ^
../src/Main.cpp:7:6: warning: private field 'num3' is not used [-Wunused-private-field]
        int num3;
            ^
2 warnings generated.
Finished building: ../src/Main.cpp
 
Building target: Day_6.11
Invoking: MacOS X C++ Linker
g++  -o "Day_6.11"  ./src/Main.o   
Finished building target: Day_6.11
 
19:20:17 **** Incremental Build of configuration Debug for project Day_6.11 ****
make all 
make: Nothing to be done for `all'.
19:20:35 **** Incremental Build of configuration Debug for project Day_6.11 ****
make all 
Building file: ../src/Main.cpp
Invoking: GCC C++ Compiler
g++ -O0 -g3 -Wall -c -fmessage-length=0 -MMD -MP -MF"src/Main.d" -MT"src/Main.o" -o "src/Main.o" "../src/Main.cpp"
../src/Main.cpp:7:6: warning: private field 'num3' is not used [-Wunused-private-field]
        int num3;
            ^
1 warning generated.
Finished building: ../src/Main.cpp
 
Building target: Day_6.11
Invoking: MacOS X C++ Linker
g++  -o "Day_6.11"  ./src/Main.o   
Finished building target: Day_6.11
 
19:20:41 **** Incremental Build of configuration Debug for project Day_6.11 ****
make all 
make: Nothing to be done for `all'.
19:20:49 **** Incremental Build of configuration Debug for project Day_6.11 ****
make all 
Building file: ../src/Main.cpp
Invoking: GCC C++ Compiler
g++ -O0 -g3 -Wall -c -fmessage-length=0 -MMD -MP -MF"src/Main.d" -MT"src/Main.o" -o "src/Main.o" "../src/Main.cpp"
Finished building: ../src/Main.cpp
 
Building target: Day_6.11
Invoking: MacOS X C++ Linker
g++  -o "Day_6.11"  ./src/Main.o   
Finished building target: Day_6.11
 
19:21:07 **** Incremental Build of configuration Debug for project Day_6.11 ****
make all 
make: Nothing to be done for `all'.
